<?xml version="1.0" encoding="UTF-8"?>
<project version="4">
  <component name="JUnitGeneratorProjectSettings">
    <option name="generateForOverloadedMethods" value="false" />
    <option name="listOverloadedMethodsBy" value="paramClass" />
    <option name="outputFilePattern" value="" />
  </component>
</project>